<?xml version="1.0" encoding="UTF-8"?>
<testsuite xmlns:xsi="http://www.w3.org/2001/XMLSchema-instance" xsi:noNamespaceSchemaLocation="https://maven.apache.org/surefire/maven-surefire-plugin/xsd/surefire-test-report.xsd" name="com.first.first.FirstApplicationTests" time="0.478" tests="1" errors="1" skipped="0" failures="0">
  <properties>
[...]
</properties>
  <testcase name="com.first.first.FirstApplicationTests" classname="com.first.first.FirstApplicationTests" time="0.476">
    <error message="Unable to find a @SpringBootConfiguration, you need to use @ContextConfiguration or @SpringBootTest(classes=...) with your test" type="java.lang.IllegalStateException">java.lang.IllegalStateException: Unable to find a @SpringBootConfiguration, you need to use @ContextConfiguration or @SpringBootTest(classes=...) with your test
</error>
    <system-out><![CDATA[11:15:36.467 [main] DEBUG org.springframework.test.context.BootstrapUtils - Instantiating CacheAwareContextLoaderDelegate from class [org.springframework.test.context.cache.DefaultCacheAwareContextLoaderDelegate]
11:15:36.487 [main] DEBUG org.springframework.test.context.BootstrapUtils - Instantiating BootstrapContext using constructor [public org.springframework.test.context.support.DefaultBootstrapContext(java.lang.Class,org.springframework.test.context.CacheAwareContextLoaderDelegate)]
11:15:36.546 [main] DEBUG org.springframework.test.context.BootstrapUtils - Instantiating TestContextBootstrapper for test class [com.first.first.FirstApplicationTests] from class [org.springframework.boot.test.context.SpringBootTestContextBootstrapper]
11:15:36.566 [main] INFO org.springframework.boot.test.context.SpringBootTestContextBootstrapper - Neither @ContextConfiguration nor @ContextHierarchy found for test class [com.first.first.FirstApplicationTests], using SpringBootContextLoader
11:15:36.574 [main] DEBUG org.springframework.test.context.support.AbstractContextLoader - Did not detect default resource location for test class [com.first.first.FirstApplicationTests]: class path resource [com/first/first/FirstApplicationTests-context.xml] does not exist
11:15:36.575 [main] DEBUG org.springframework.test.context.support.AbstractContextLoader - Did not detect default resource location for test class [com.first.first.FirstApplicationTests]: class path resource [com/first/first/FirstApplicationTestsContext.groovy] does not exist
11:15:36.575 [main] INFO org.springframework.test.context.support.AbstractContextLoader - Could not detect default resource locations for test class [com.first.first.FirstApplicationTests]: no resource found for suffixes {-context.xml, Context.groovy}.
11:15:36.576 [main] INFO org.springframework.test.context.support.AnnotationConfigContextLoaderUtils - Could not detect default configuration classes for test class [com.first.first.FirstApplicationTests]: FirstApplicationTests does not declare any static, non-private, non-final, nested classes annotated with @Configuration.
11:15:36.652 [main] DEBUG org.springframework.test.context.support.ActiveProfilesUtils - Could not find an 'annotation declaring class' for annotation type [org.springframework.test.context.ActiveProfiles] and class [com.first.first.FirstApplicationTests]
11:15:36.745 [main] DEBUG org.springframework.test.context.BootstrapUtils - Instantiating CacheAwareContextLoaderDelegate from class [org.springframework.test.context.cache.DefaultCacheAwareContextLoaderDelegate]
11:15:36.746 [main] DEBUG org.springframework.test.context.BootstrapUtils - Instantiating BootstrapContext using constructor [public org.springframework.test.context.support.DefaultBootstrapContext(java.lang.Class,org.springframework.test.context.CacheAwareContextLoaderDelegate)]
11:15:36.749 [main] DEBUG org.springframework.test.context.BootstrapUtils - Instantiating TestContextBootstrapper for test class [com.first.first.FirstApplicationTests] from class [org.springframework.boot.test.context.SpringBootTestContextBootstrapper]
11:15:36.749 [main] INFO org.springframework.boot.test.context.SpringBootTestContextBootstrapper - Neither @ContextConfiguration nor @ContextHierarchy found for test class [com.first.first.FirstApplicationTests], using SpringBootContextLoader
11:15:36.750 [main] DEBUG org.springframework.test.context.support.AbstractContextLoader - Did not detect default resource location for test class [com.first.first.FirstApplicationTests]: class path resource [com/first/first/FirstApplicationTests-context.xml] does not exist
11:15:36.751 [main] DEBUG org.springframework.test.context.support.AbstractContextLoader - Did not detect default resource location for test class [com.first.first.FirstApplicationTests]: class path resource [com/first/first/FirstApplicationTestsContext.groovy] does not exist
11:15:36.751 [main] INFO org.springframework.test.context.support.AbstractContextLoader - Could not detect default resource locations for test class [com.first.first.FirstApplicationTests]: no resource found for suffixes {-context.xml, Context.groovy}.
11:15:36.752 [main] INFO org.springframework.test.context.support.AnnotationConfigContextLoaderUtils - Could not detect default configuration classes for test class [com.first.first.FirstApplicationTests]: FirstApplicationTests does not declare any static, non-private, non-final, nested classes annotated with @Configuration.
11:15:36.755 [main] DEBUG org.springframework.test.context.support.ActiveProfilesUtils - Could not find an 'annotation declaring class' for annotation type [org.springframework.test.context.ActiveProfiles] and class [com.first.first.FirstApplicationTests]
11:15:36.786 [main] DEBUG org.springframework.test.context.BootstrapUtils - Instantiating CacheAwareContextLoaderDelegate from class [org.springframework.test.context.cache.DefaultCacheAwareContextLoaderDelegate]
11:15:36.786 [main] DEBUG org.springframework.test.context.BootstrapUtils - Instantiating BootstrapContext using constructor [public org.springframework.test.context.support.DefaultBootstrapContext(java.lang.Class,org.springframework.test.context.CacheAwareContextLoaderDelegate)]
11:15:36.788 [main] DEBUG org.springframework.test.context.BootstrapUtils - Instantiating TestContextBootstrapper for test class [com.first.first.FirstApplicationTests] from class [org.springframework.boot.test.context.SpringBootTestContextBootstrapper]
11:15:36.789 [main] INFO org.springframework.boot.test.context.SpringBootTestContextBootstrapper - Neither @ContextConfiguration nor @ContextHierarchy found for test class [com.first.first.FirstApplicationTests], using SpringBootContextLoader
11:15:36.791 [main] DEBUG org.springframework.test.context.support.AbstractContextLoader - Did not detect default resource location for test class [com.first.first.FirstApplicationTests]: class path resource [com/first/first/FirstApplicationTests-context.xml] does not exist
11:15:36.791 [main] DEBUG org.springframework.test.context.support.AbstractContextLoader - Did not detect default resource location for test class [com.first.first.FirstApplicationTests]: class path resource [com/first/first/FirstApplicationTestsContext.groovy] does not exist
11:15:36.792 [main] INFO org.springframework.test.context.support.AbstractContextLoader - Could not detect default resource locations for test class [com.first.first.FirstApplicationTests]: no resource found for suffixes {-context.xml, Context.groovy}.
11:15:36.792 [main] INFO org.springframework.test.context.support.AnnotationConfigContextLoaderUtils - Could not detect default configuration classes for test class [com.first.first.FirstApplicationTests]: FirstApplicationTests does not declare any static, non-private, non-final, nested classes annotated with @Configuration.
11:15:36.797 [main] DEBUG org.springframework.test.context.support.ActiveProfilesUtils - Could not find an 'annotation declaring class' for annotation type [org.springframework.test.context.ActiveProfiles] and class [com.first.first.FirstApplicationTests]
]]></system-out>
  </testcase>
</testsuite>